  addEmployee.cpp
C:\Users\aries\Desktop\Yoobee\Aotearoa-Treasures--inventory-management-system-\AT-InvMan\addEmployee.cpp(11,17): warning C4566: character represented by universal-character-name '\u274C' cannot be represented in the current code page (1252)
C:\Users\aries\Desktop\Yoobee\Aotearoa-Treasures--inventory-management-system-\AT-InvMan\addEmployee.cpp(60,29): warning C4566: character represented by universal-character-name '\u274C' cannot be represented in the current code page (1252)
C:\Users\aries\Desktop\Yoobee\Aotearoa-Treasures--inventory-management-system-\AT-InvMan\addEmployee.cpp(100,25): warning C4566: character represented by universal-character-name '\u274C' cannot be represented in the current code page (1252)
C:\Users\aries\Desktop\Yoobee\Aotearoa-Treasures--inventory-management-system-\AT-InvMan\addEmployee.cpp(110,21): warning C4566: character represented by universal-character-name '\u26A0' cannot be represented in the current code page (1252)
C:\Users\aries\Desktop\Yoobee\Aotearoa-Treasures--inventory-management-system-\AT-InvMan\addEmployee.cpp(130,21): warning C4566: character represented by universal-character-name '\u2705' cannot be represented in the current code page (1252)
  addRoster.cpp
C:\Users\aries\Desktop\Yoobee\Aotearoa-Treasures--inventory-management-system-\AT-InvMan\addRoster.cpp(35,17): warning C4566: character represented by universal-character-name '\u274C' cannot be represented in the current code page (1252)
C:\Users\aries\Desktop\Yoobee\Aotearoa-Treasures--inventory-management-system-\AT-InvMan\addRoster.cpp(66,25): warning C4566: character represented by universal-character-name '\u274C' cannot be represented in the current code page (1252)
C:\Users\aries\Desktop\Yoobee\Aotearoa-Treasures--inventory-management-system-\AT-InvMan\addRoster.cpp(73,21): warning C4566: character represented by universal-character-name '\u274C' cannot be represented in the current code page (1252)
C:\Users\aries\Desktop\Yoobee\Aotearoa-Treasures--inventory-management-system-\AT-InvMan\addRoster.cpp(80,56): warning C4566: character represented by universal-character-name '\u274C' cannot be represented in the current code page (1252)
C:\Users\aries\Desktop\Yoobee\Aotearoa-Treasures--inventory-management-system-\AT-InvMan\addRoster.cpp(84,21): warning C4566: character represented by universal-character-name '\u274C' cannot be represented in the current code page (1252)
C:\Users\aries\Desktop\Yoobee\Aotearoa-Treasures--inventory-management-system-\AT-InvMan\addRoster.cpp(91,56): warning C4566: character represented by universal-character-name '\u274C' cannot be represented in the current code page (1252)
C:\Users\aries\Desktop\Yoobee\Aotearoa-Treasures--inventory-management-system-\AT-InvMan\addRoster.cpp(97,54): warning C4566: character represented by universal-character-name '\u274C' cannot be represented in the current code page (1252)
C:\Users\aries\Desktop\Yoobee\Aotearoa-Treasures--inventory-management-system-\AT-InvMan\addRoster.cpp(112,21): warning C4566: character represented by universal-character-name '\u274C' cannot be represented in the current code page (1252)
C:\Users\aries\Desktop\Yoobee\Aotearoa-Treasures--inventory-management-system-\AT-InvMan\addRoster.cpp(127,21): warning C4566: character represented by universal-character-name '\u2705' cannot be represented in the current code page (1252)
C:\Users\aries\Desktop\Yoobee\Aotearoa-Treasures--inventory-management-system-\AT-InvMan\addRoster.cpp(130,21): warning C4566: character represented by universal-character-name '\u274C' cannot be represented in the current code page (1252)
  AT-InvMan.cpp
  employeeList.cpp
  employeeMasterList.cpp
  employeeRoster.cpp
  login.cpp
  MainMenu.cpp
C:\Users\aries\Desktop\Yoobee\Aotearoa-Treasures--inventory-management-system-\AT-InvMan\MainMenu.cpp(42,25): warning C4566: character represented by universal-character-name '\u274C' cannot be represented in the current code page (1252)
C:\Users\aries\Desktop\Yoobee\Aotearoa-Treasures--inventory-management-system-\AT-InvMan\MainMenu.cpp(50,25): warning C4566: character represented by universal-character-name '\u274C' cannot be represented in the current code page (1252)
C:\Users\aries\Desktop\Yoobee\Aotearoa-Treasures--inventory-management-system-\AT-InvMan\MainMenu.cpp(61,25): warning C4566: character represented by universal-character-name '\u274C' cannot be represented in the current code page (1252)
  productInventory.cpp
  removeEmployee.cpp
C:\Users\aries\Desktop\Yoobee\Aotearoa-Treasures--inventory-management-system-\AT-InvMan\removeEmployee.cpp(11,17): warning C4566: character represented by universal-character-name '\u274C' cannot be represented in the current code page (1252)
  salesReportMovement.cpp
  updateEmployee.cpp
C:\Users\aries\Desktop\Yoobee\Aotearoa-Treasures--inventory-management-system-\AT-InvMan\updateEmployee.cpp(73,17): warning C4566: character represented by universal-character-name '\u2705' cannot be represented in the current code page (1252)
  updateRoster.cpp
  Generating Code...
  AT-InvMan.vcxproj -> C:\Users\aries\Desktop\Yoobee\Aotearoa-Treasures--inventory-management-system-\AT-InvMan\x64\Debug\AT-InvMan.exe
